<?xml version="1.0" encoding="UTF-8"?>
<!-- Generated by org.testng.reporters.JUnitReportReporter -->
<testsuite hostname="TimJLaptop" failures="0" tests="1" name="com.tabletennissimulator.AppTest" time="0.006" errors="0" timestamp="04 Aug 2020 00:08:54 GMT" skipped="0">
  <testcase classname="com.tabletennissimulator.AppTest" name="testGetPlayers" time="0.006"/>
</testsuite> <!-- com.tabletennissimulator.AppTest -->
