<?xml version="1.0" encoding="UTF-8"?>
<!-- Generated by org.testng.reporters.JUnitReportReporter -->
<testsuite hostname="TimJLaptop" failures="0" tests="1" name="com.tabletennissimulator.AppControllerTest" time="0.008" errors="0" timestamp="04 Aug 2020 00:08:54 GMT" skipped="0">
  <testcase classname="com.tabletennissimulator.AppControllerTest" name="testIsBaseTwo" time="0.008"/>
</testsuite> <!-- com.tabletennissimulator.AppControllerTest -->
