<?xml version="1.0" encoding="UTF-8"?>
<!-- Generated by org.testng.reporters.JUnitReportReporter -->
<testsuite hostname="TimJLaptop" failures="0" tests="3" name="com.tabletennissimulator.TableTennisPlayerTest" time="0.003" errors="0" timestamp="02 Aug 2020 17:37:51 GMT" skipped="0">
  <testcase classname="com.tabletennissimulator.TableTennisPlayerTest" name="testHitRating" time="0.001"/>
  <testcase classname="com.tabletennissimulator.TableTennisPlayerTest" name="testGetPlayerInformation" time="0.002"/>
  <testcase classname="com.tabletennissimulator.TableTennisPlayerTest" name="testGetOverall" time="0.000"/>
</testsuite> <!-- com.tabletennissimulator.TableTennisPlayerTest -->
