<?xml version="1.0" encoding="UTF-8"?>
<!-- Generated by org.testng.reporters.JUnitReportReporter -->
<testsuite hostname="TimJLaptop" failures="0" tests="1" name="com.tabletennissimulator.AppControllerTest" time="0.005" errors="0" timestamp="02 Aug 2020 17:37:51 GMT" skipped="0">
  <testcase classname="com.tabletennissimulator.AppControllerTest" name="testIsBaseTwo" time="0.005"/>
</testsuite> <!-- com.tabletennissimulator.AppControllerTest -->
